Copyright 1986-2016 Xilinx, Inc. All Rights Reserved.
-------------------------------------------------------------------------------------------------------------------------------------------------------------------
| Tool Version : Vivado v.2016.2 (win64) Build 1577090 Thu Jun  2 16:32:40 MDT 2016
| Date         : Mon Mar 19 15:55:07 2018
| Host         : EEE-R473-23 running 64-bit Service Pack 1  (build 7601)
| Command      : report_timing_summary -warn_on_violation -max_paths 10 -file seven_segment_timing_summary_routed.rpt -rpx seven_segment_timing_summary_routed.rpx
| Design       : seven_segment
| Device       : 7a100t-csg324
| Speed File   : -1  PRODUCTION 1.14 2014-09-11
-------------------------------------------------------------------------------------------------------------------------------------------------------------------

Timing Summary Report

------------------------------------------------------------------------------------------------
| Timer Settings
| --------------
------------------------------------------------------------------------------------------------

  Enable Multi Corner Analysis               :  Yes
  Enable Pessimism Removal                   :  Yes
  Pessimism Removal Resolution               :  Nearest Common Node
  Enable Input Delay Default Clock           :  No
  Enable Preset / Clear Arcs                 :  No
  Disable Flight Delays                      :  No
  Ignore I/O Paths                           :  No
  Timing Early Launch at Borrowing Latches   :  false

  Corner  Analyze    Analyze    
  Name    Max Paths  Min Paths  
  ------  ---------  ---------  
  Slow    Yes        Yes        
  Fast    Yes        Yes        



check_timing report

Table of Contents
-----------------
1. checking no_clock
2. checking constant_clock
3. checking pulse_width_clock
4. checking unconstrained_internal_endpoints
5. checking no_input_delay
6. checking no_output_delay
7. checking multiple_clock
8. checking generated_clocks
9. checking loops
10. checking partial_input_delay
11. checking partial_output_delay
12. checking latch_loops

1. checking no_clock
--------------------
 There are 19 register/latch pins with no clock driven by root clock pin: pot (HIGH)

 There are 16 register/latch pins with no clock driven by root clock pin: CLK10KHZ_reg/C (HIGH)

 There is 1 register/latch pin with no clock driven by root clock pin: currentPlayer_reg[0]_C/C (HIGH)

 There is 1 register/latch pin with no clock driven by root clock pin: currentPlayer_reg[0]_P/C (HIGH)

 There is 1 register/latch pin with no clock driven by root clock pin: endTurnFF/Qtemp_reg/G (HIGH)

 There is 1 register/latch pin with no clock driven by root clock pin: scorerstFF/Qtemp_reg/G (HIGH)


2. checking constant_clock
--------------------------
 There are 0 register/latch pins with constant_clock.


3. checking pulse_width_clock
-----------------------------
 There are 0 register/latch pins which need pulse_width check


4. checking unconstrained_internal_endpoints
--------------------------------------------
 There are 70 pins that are not constrained for maximum delay. (HIGH)

 There are 0 pins that are not constrained for maximum delay due to constant clock.


5. checking no_input_delay
--------------------------
 There are 5 input ports with no input delay specified. (HIGH)

 There are 0 input ports with no input delay but user has a false path constraint.


6. checking no_output_delay
---------------------------
 There are 20 ports with no output delay specified. (HIGH)

 There are 0 ports with no output delay but user has a false path constraint

 There are 0 ports with no output delay but with a timing clock defined on it or propagating through it


7. checking multiple_clock
--------------------------
 There are 0 register/latch pins with multiple clocks.


8. checking generated_clocks
----------------------------
 There are 0 generated clocks that are not connected to a clock source.


9. checking loops
-----------------
 There are 0 combinational loops in the design.


10. checking partial_input_delay
--------------------------------
 There are 0 input ports with partial input delay specified.


11. checking partial_output_delay
---------------------------------
 There are 0 ports with partial output delay specified.


12. checking latch_loops
------------------------
 There are 0 combinational latch loops in the design through latch input



------------------------------------------------------------------------------------------------
| Design Timing Summary
| ---------------------
------------------------------------------------------------------------------------------------

    WNS(ns)      TNS(ns)  TNS Failing Endpoints  TNS Total Endpoints      WHS(ns)      THS(ns)  THS Failing Endpoints  THS Total Endpoints     WPWS(ns)     TPWS(ns)  TPWS Failing Endpoints  TPWS Total Endpoints  
    -------      -------  ---------------------  -------------------      -------      -------  ---------------------  -------------------     --------     --------  ----------------------  --------------------  
      6.535        0.000                      0                   25        0.262        0.000                      0                   25        4.500        0.000                       0                    14  


All user specified timing constraints are met.


------------------------------------------------------------------------------------------------
| Clock Summary
| -------------
------------------------------------------------------------------------------------------------

Clock        Waveform(ns)       Period(ns)      Frequency(MHz)
-----        ------------       ----------      --------------
sys_clk_pin  {0.000 5.000}      10.000          100.000         


------------------------------------------------------------------------------------------------
| Intra Clock Table
| -----------------
------------------------------------------------------------------------------------------------

Clock             WNS(ns)      TNS(ns)  TNS Failing Endpoints  TNS Total Endpoints      WHS(ns)      THS(ns)  THS Failing Endpoints  THS Total Endpoints     WPWS(ns)     TPWS(ns)  TPWS Failing Endpoints  TPWS Total Endpoints  
-----             -------      -------  ---------------------  -------------------      -------      -------  ---------------------  -------------------     --------     --------  ----------------------  --------------------  
sys_clk_pin         6.535        0.000                      0                   25        0.262        0.000                      0                   25        4.500        0.000                       0                    14  


------------------------------------------------------------------------------------------------
| Inter Clock Table
| -----------------
------------------------------------------------------------------------------------------------

From Clock    To Clock          WNS(ns)      TNS(ns)  TNS Failing Endpoints  TNS Total Endpoints      WHS(ns)      THS(ns)  THS Failing Endpoints  THS Total Endpoints  
----------    --------          -------      -------  ---------------------  -------------------      -------      -------  ---------------------  -------------------  


------------------------------------------------------------------------------------------------
| Other Path Groups Table
| -----------------------
------------------------------------------------------------------------------------------------

Path Group    From Clock    To Clock          WNS(ns)      TNS(ns)  TNS Failing Endpoints  TNS Total Endpoints      WHS(ns)      THS(ns)  THS Failing Endpoints  THS Total Endpoints  
----------    ----------    --------          -------      -------  ---------------------  -------------------      -------      -------  ---------------------  -------------------  


------------------------------------------------------------------------------------------------
| Timing Details
| --------------
------------------------------------------------------------------------------------------------


---------------------------------------------------------------------------------------------------
From Clock:  sys_clk_pin
  To Clock:  sys_clk_pin

Setup :            0  Failing Endpoints,  Worst Slack        6.535ns,  Total Violation        0.000ns
Hold  :            0  Failing Endpoints,  Worst Slack        0.262ns,  Total Violation        0.000ns
PW    :            0  Failing Endpoints,  Worst Slack        4.500ns,  Total Violation        0.000ns
---------------------------------------------------------------------------------------------------


Max Delay Paths
--------------------------------------------------------------------------------------
Slack (MET) :             6.535ns  (required time - arrival time)
  Source:                 count_10khz_reg[8]/C
                            (rising edge-triggered cell FDRE clocked by sys_clk_pin  {rise@0.000ns fall@5.000ns period=10.000ns})
  Destination:            count_10khz_reg[10]/R
                            (rising edge-triggered cell FDRE clocked by sys_clk_pin  {rise@0.000ns fall@5.000ns period=10.000ns})
  Path Group:             sys_clk_pin
  Path Type:              Setup (Max at Slow Process Corner)
  Requirement:            10.000ns  (sys_clk_pin rise@10.000ns - sys_clk_pin rise@0.000ns)
  Data Path Delay:        3.001ns  (logic 0.704ns (23.459%)  route 2.297ns (76.541%))
  Logic Levels:           2  (LUT3=1 LUT6=1)
  Clock Path Skew:        0.000ns (DCD - SCD + CPR)
    Destination Clock Delay (DCD):    5.021ns = ( 15.021 - 10.000 ) 
    Source Clock Delay      (SCD):    5.320ns
    Clock Pessimism Removal (CPR):    0.299ns
  Clock Uncertainty:      0.035ns  ((TSJ^2 + TIJ^2)^1/2 + DJ) / 2 + PE
    Total System Jitter     (TSJ):    0.071ns
    Total Input Jitter      (TIJ):    0.000ns
    Discrete Jitter          (DJ):    0.000ns
    Phase Error              (PE):    0.000ns

    Location             Delay type                Incr(ns)  Path(ns)    Netlist Resource(s)
  -------------------------------------------------------------------    -------------------
                         (clock sys_clk_pin rise edge)
                                                      0.000     0.000 r  
    E3                                                0.000     0.000 r  CLK100MHZ (IN)
                         net (fo=0)                   0.000     0.000    CLK100MHZ
    E3                   IBUF (Prop_ibuf_I_O)         1.482     1.482 r  CLK100MHZ_IBUF_inst/O
                         net (fo=1, routed)           2.025     3.506    CLK100MHZ_IBUF
    BUFGCTRL_X0Y16       BUFG (Prop_bufg_I_O)         0.096     3.602 r  CLK100MHZ_IBUF_BUFG_inst/O
                         net (fo=13, routed)          1.717     5.320    CLK100MHZ_IBUF_BUFG
    SLICE_X3Y83          FDRE                                         r  count_10khz_reg[8]/C
  -------------------------------------------------------------------    -------------------
    SLICE_X3Y83          FDRE (Prop_fdre_C_Q)         0.456     5.776 r  count_10khz_reg[8]/Q
                         net (fo=2, routed)           0.842     6.618    count_10khz_reg[8]
    SLICE_X2Y82          LUT3 (Prop_lut3_I1_O)        0.124     6.742 r  count_10khz[0]_i_4/O
                         net (fo=1, routed)           0.670     7.412    count_10khz[0]_i_4_n_0
    SLICE_X2Y82          LUT6 (Prop_lut6_I5_O)        0.124     7.536 r  count_10khz[0]_i_1/O
                         net (fo=13, routed)          0.785     8.321    clear
    SLICE_X3Y83          FDRE                                         r  count_10khz_reg[10]/R
  -------------------------------------------------------------------    -------------------

                         (clock sys_clk_pin rise edge)
                                                     10.000    10.000 r  
    E3                                                0.000    10.000 r  CLK100MHZ (IN)
                         net (fo=0)                   0.000    10.000    CLK100MHZ
    E3                   IBUF (Prop_ibuf_I_O)         1.411    11.411 r  CLK100MHZ_IBUF_inst/O
                         net (fo=1, routed)           1.920    13.331    CLK100MHZ_IBUF
    BUFGCTRL_X0Y16       BUFG (Prop_bufg_I_O)         0.091    13.422 r  CLK100MHZ_IBUF_BUFG_inst/O
                         net (fo=13, routed)          1.598    15.021    CLK100MHZ_IBUF_BUFG
    SLICE_X3Y83          FDRE                                         r  count_10khz_reg[10]/C
                         clock pessimism              0.299    15.320    
                         clock uncertainty           -0.035    15.284    
    SLICE_X3Y83          FDRE (Setup_fdre_C_R)       -0.429    14.855    count_10khz_reg[10]
  -------------------------------------------------------------------
                         required time                         14.855    
                         arrival time                          -8.321    
  -------------------------------------------------------------------
                         slack                                  6.535    

Slack (MET) :             6.535ns  (required time - arrival time)
  Source:                 count_10khz_reg[8]/C
                            (rising edge-triggered cell FDRE clocked by sys_clk_pin  {rise@0.000ns fall@5.000ns period=10.000ns})
  Destination:            count_10khz_reg[11]/R
                            (rising edge-triggered cell FDRE clocked by sys_clk_pin  {rise@0.000ns fall@5.000ns period=10.000ns})
  Path Group:             sys_clk_pin
  Path Type:              Setup (Max at Slow Process Corner)
  Requirement:            10.000ns  (sys_clk_pin rise@10.000ns - sys_clk_pin rise@0.000ns)
  Data Path Delay:        3.001ns  (logic 0.704ns (23.459%)  route 2.297ns (76.541%))
  Logic Levels:           2  (LUT3=1 LUT6=1)
  Clock Path Skew:        0.000ns (DCD - SCD + CPR)
    Destination Clock Delay (DCD):    5.021ns = ( 15.021 - 10.000 ) 
    Source Clock Delay      (SCD):    5.320ns
    Clock Pessimism Removal (CPR):    0.299ns
  Clock Uncertainty:      0.035ns  ((TSJ^2 + TIJ^2)^1/2 + DJ) / 2 + PE
    Total System Jitter     (TSJ):    0.071ns
    Total Input Jitter      (TIJ):    0.000ns
    Discrete Jitter          (DJ):    0.000ns
    Phase Error              (PE):    0.000ns

    Location             Delay type                Incr(ns)  Path(ns)    Netlist Resource(s)
  -------------------------------------------------------------------    -------------------
                         (clock sys_clk_pin rise edge)
                                                      0.000     0.000 r  
    E3                                                0.000     0.000 r  CLK100MHZ (IN)
                         net (fo=0)                   0.000     0.000    CLK100MHZ
    E3                   IBUF (Prop_ibuf_I_O)         1.482     1.482 r  CLK100MHZ_IBUF_inst/O
                         net (fo=1, routed)           2.025     3.506    CLK100MHZ_IBUF
    BUFGCTRL_X0Y16       BUFG (Prop_bufg_I_O)         0.096     3.602 r  CLK100MHZ_IBUF_BUFG_inst/O
                         net (fo=13, routed)          1.717     5.320    CLK100MHZ_IBUF_BUFG
    SLICE_X3Y83          FDRE                                         r  count_10khz_reg[8]/C
  -------------------------------------------------------------------    -------------------
    SLICE_X3Y83          FDRE (Prop_fdre_C_Q)         0.456     5.776 r  count_10khz_reg[8]/Q
                         net (fo=2, routed)           0.842     6.618    count_10khz_reg[8]
    SLICE_X2Y82          LUT3 (Prop_lut3_I1_O)        0.124     6.742 r  count_10khz[0]_i_4/O
                         net (fo=1, routed)           0.670     7.412    count_10khz[0]_i_4_n_0
    SLICE_X2Y82          LUT6 (Prop_lut6_I5_O)        0.124     7.536 r  count_10khz[0]_i_1/O
                         net (fo=13, routed)          0.785     8.321    clear
    SLICE_X3Y83          FDRE                                         r  count_10khz_reg[11]/R
  -------------------------------------------------------------------    -------------------

                         (clock sys_clk_pin rise edge)
                                                     10.000    10.000 r  
    E3                                                0.000    10.000 r  CLK100MHZ (IN)
                         net (fo=0)                   0.000    10.000    CLK100MHZ
    E3                   IBUF (Prop_ibuf_I_O)         1.411    11.411 r  CLK100MHZ_IBUF_inst/O
                         net (fo=1, routed)           1.920    13.331    CLK100MHZ_IBUF
    BUFGCTRL_X0Y16       BUFG (Prop_bufg_I_O)         0.091    13.422 r  CLK100MHZ_IBUF_BUFG_inst/O
                         net (fo=13, routed)          1.598    15.021    CLK100MHZ_IBUF_BUFG
    SLICE_X3Y83          FDRE                                         r  count_10khz_reg[11]/C
                         clock pessimism              0.299    15.320    
                         clock uncertainty           -0.035    15.284    
    SLICE_X3Y83          FDRE (Setup_fdre_C_R)       -0.429    14.855    count_10khz_reg[11]
  -------------------------------------------------------------------
                         required time                         14.855    
                         arrival time                          -8.321    
  -------------------------------------------------------------------
                         slack                                  6.535    

Slack (MET) :             6.535ns  (required time - arrival time)
  Source:                 count_10khz_reg[8]/C
                            (rising edge-triggered cell FDRE clocked by sys_clk_pin  {rise@0.000ns fall@5.000ns period=10.000ns})
  Destination:            count_10khz_reg[8]/R
                            (rising edge-triggered cell FDRE clocked by sys_clk_pin  {rise@0.000ns fall@5.000ns period=10.000ns})
  Path Group:             sys_clk_pin
  Path Type:              Setup (Max at Slow Process Corner)
  Requirement:            10.000ns  (sys_clk_pin rise@10.000ns - sys_clk_pin rise@0.000ns)
  Data Path Delay:        3.001ns  (logic 0.704ns (23.459%)  route 2.297ns (76.541%))
  Logic Levels:           2  (LUT3=1 LUT6=1)
  Clock Path Skew:        0.000ns (DCD - SCD + CPR)
    Destination Clock Delay (DCD):    5.021ns = ( 15.021 - 10.000 ) 
    Source Clock Delay      (SCD):    5.320ns
    Clock Pessimism Removal (CPR):    0.299ns
  Clock Uncertainty:      0.035ns  ((TSJ^2 + TIJ^2)^1/2 + DJ) / 2 + PE
    Total System Jitter     (TSJ):    0.071ns
    Total Input Jitter      (TIJ):    0.000ns
    Discrete Jitter          (DJ):    0.000ns
    Phase Error              (PE):    0.000ns

    Location             Delay type                Incr(ns)  Path(ns)    Netlist Resource(s)
  -------------------------------------------------------------------    -------------------
                         (clock sys_clk_pin rise edge)
                                                      0.000     0.000 r  
    E3                                                0.000     0.000 r  CLK100MHZ (IN)
                         net (fo=0)                   0.000     0.000    CLK100MHZ
    E3                   IBUF (Prop_ibuf_I_O)         1.482     1.482 r  CLK100MHZ_IBUF_inst/O
                         net (fo=1, routed)           2.025     3.506    CLK100MHZ_IBUF
    BUFGCTRL_X0Y16       BUFG (Prop_bufg_I_O)         0.096     3.602 r  CLK100MHZ_IBUF_BUFG_inst/O
                         net (fo=13, routed)          1.717     5.320    CLK100MHZ_IBUF_BUFG
    SLICE_X3Y83          FDRE                                         r  count_10khz_reg[8]/C
  -------------------------------------------------------------------    -------------------
    SLICE_X3Y83          FDRE (Prop_fdre_C_Q)         0.456     5.776 r  count_10khz_reg[8]/Q
                         net (fo=2, routed)           0.842     6.618    count_10khz_reg[8]
    SLICE_X2Y82          LUT3 (Prop_lut3_I1_O)        0.124     6.742 r  count_10khz[0]_i_4/O
                         net (fo=1, routed)           0.670     7.412    count_10khz[0]_i_4_n_0
    SLICE_X2Y82          LUT6 (Prop_lut6_I5_O)        0.124     7.536 r  count_10khz[0]_i_1/O
                         net (fo=13, routed)          0.785     8.321    clear
    SLICE_X3Y83          FDRE                                         r  count_10khz_reg[8]/R
  -------------------------------------------------------------------    -------------------

                         (clock sys_clk_pin rise edge)
                                                     10.000    10.000 r  
    E3                                                0.000    10.000 r  CLK100MHZ (IN)
                         net (fo=0)                   0.000    10.000    CLK100MHZ
    E3                   IBUF (Prop_ibuf_I_O)         1.411    11.411 r  CLK100MHZ_IBUF_inst/O
                         net (fo=1, routed)           1.920    13.331    CLK100MHZ_IBUF
    BUFGCTRL_X0Y16       BUFG (Prop_bufg_I_O)         0.091    13.422 r  CLK100MHZ_IBUF_BUFG_inst/O
                         net (fo=13, routed)          1.598    15.021    CLK100MHZ_IBUF_BUFG
    SLICE_X3Y83          FDRE                                         r  count_10khz_reg[8]/C
                         clock pessimism              0.299    15.320    
                         clock uncertainty           -0.035    15.284    
    SLICE_X3Y83          FDRE (Setup_fdre_C_R)       -0.429    14.855    count_10khz_reg[8]
  -------------------------------------------------------------------
                         required time                         14.855    
                         arrival time                          -8.321    
  -------------------------------------------------------------------
                         slack                                  6.535    

Slack (MET) :             6.535ns  (required time - arrival time)
  Source:                 count_10khz_reg[8]/C
                            (rising edge-triggered cell FDRE clocked by sys_clk_pin  {rise@0.000ns fall@5.000ns period=10.000ns})
  Destination:            count_10khz_reg[9]/R
                            (rising edge-triggered cell FDRE clocked by sys_clk_pin  {rise@0.000ns fall@5.000ns period=10.000ns})
  Path Group:             sys_clk_pin
  Path Type:              Setup (Max at Slow Process Corner)
  Requirement:            10.000ns  (sys_clk_pin rise@10.000ns - sys_clk_pin rise@0.000ns)
  Data Path Delay:        3.001ns  (logic 0.704ns (23.459%)  route 2.297ns (76.541%))
  Logic Levels:           2  (LUT3=1 LUT6=1)
  Clock Path Skew:        0.000ns (DCD - SCD + CPR)
    Destination Clock Delay (DCD):    5.021ns = ( 15.021 - 10.000 ) 
    Source Clock Delay      (SCD):    5.320ns
    Clock Pessimism Removal (CPR):    0.299ns
  Clock Uncertainty:      0.035ns  ((TSJ^2 + TIJ^2)^1/2 + DJ) / 2 + PE
    Total System Jitter     (TSJ):    0.071ns
    Total Input Jitter      (TIJ):    0.000ns
    Discrete Jitter          (DJ):    0.000ns
    Phase Error              (PE):    0.000ns

    Location             Delay type                Incr(ns)  Path(ns)    Netlist Resource(s)
  -------------------------------------------------------------------    -------------------
                         (clock sys_clk_pin rise edge)
                                                      0.000     0.000 r  
    E3                                                0.000     0.000 r  CLK100MHZ (IN)
                         net (fo=0)                   0.000     0.000    CLK100MHZ
    E3                   IBUF (Prop_ibuf_I_O)         1.482     1.482 r  CLK100MHZ_IBUF_inst/O
                         net (fo=1, routed)           2.025     3.506    CLK100MHZ_IBUF
    BUFGCTRL_X0Y16       BUFG (Prop_bufg_I_O)         0.096     3.602 r  CLK100MHZ_IBUF_BUFG_inst/O
                         net (fo=13, routed)          1.717     5.320    CLK100MHZ_IBUF_BUFG
    SLICE_X3Y83          FDRE                                         r  count_10khz_reg[8]/C
  -------------------------------------------------------------------    -------------------
    SLICE_X3Y83          FDRE (Prop_fdre_C_Q)         0.456     5.776 r  count_10khz_reg[8]/Q
                         net (fo=2, routed)           0.842     6.618    count_10khz_reg[8]
    SLICE_X2Y82          LUT3 (Prop_lut3_I1_O)        0.124     6.742 r  count_10khz[0]_i_4/O
                         net (fo=1, routed)           0.670     7.412    count_10khz[0]_i_4_n_0
    SLICE_X2Y82          LUT6 (Prop_lut6_I5_O)        0.124     7.536 r  count_10khz[0]_i_1/O
                         net (fo=13, routed)          0.785     8.321    clear
    SLICE_X3Y83          FDRE                                         r  count_10khz_reg[9]/R
  -------------------------------------------------------------------    -------------------

                         (clock sys_clk_pin rise edge)
                                                     10.000    10.000 r  
    E3                                                0.000    10.000 r  CLK100MHZ (IN)
                         net (fo=0)                   0.000    10.000    CLK100MHZ
    E3                   IBUF (Prop_ibuf_I_O)         1.411    11.411 r  CLK100MHZ_IBUF_inst/O
                         net (fo=1, routed)           1.920    13.331    CLK100MHZ_IBUF
    BUFGCTRL_X0Y16       BUFG (Prop_bufg_I_O)         0.091    13.422 r  CLK100MHZ_IBUF_BUFG_inst/O
                         net (fo=13, routed)          1.598    15.021    CLK100MHZ_IBUF_BUFG
    SLICE_X3Y83          FDRE                                         r  count_10khz_reg[9]/C
                         clock pessimism              0.299    15.320    
                         clock uncertainty           -0.035    15.284    
    SLICE_X3Y83          FDRE (Setup_fdre_C_R)       -0.429    14.855    count_10khz_reg[9]
  -------------------------------------------------------------------
                         required time                         14.855    
                         arrival time                          -8.321    
  -------------------------------------------------------------------
                         slack                                  6.535    

Slack (MET) :             6.648ns  (required time - arrival time)
  Source:                 count_10khz_reg[8]/C
                            (rising edge-triggered cell FDRE clocked by sys_clk_pin  {rise@0.000ns fall@5.000ns period=10.000ns})
  Destination:            count_10khz_reg[4]/R
                            (rising edge-triggered cell FDRE clocked by sys_clk_pin  {rise@0.000ns fall@5.000ns period=10.000ns})
  Path Group:             sys_clk_pin
  Path Type:              Setup (Max at Slow Process Corner)
  Requirement:            10.000ns  (sys_clk_pin rise@10.000ns - sys_clk_pin rise@0.000ns)
  Data Path Delay:        2.863ns  (logic 0.704ns (24.594%)  route 2.159ns (75.406%))
  Logic Levels:           2  (LUT3=1 LUT6=1)
  Clock Path Skew:        -0.025ns (DCD - SCD + CPR)
    Destination Clock Delay (DCD):    5.020ns = ( 15.020 - 10.000 ) 
    Source Clock Delay      (SCD):    5.320ns
    Clock Pessimism Removal (CPR):    0.275ns
  Clock Uncertainty:      0.035ns  ((TSJ^2 + TIJ^2)^1/2 + DJ) / 2 + PE
    Total System Jitter     (TSJ):    0.071ns
    Total Input Jitter      (TIJ):    0.000ns
    Discrete Jitter          (DJ):    0.000ns
    Phase Error              (PE):    0.000ns

    Location             Delay type                Incr(ns)  Path(ns)    Netlist Resource(s)
  -------------------------------------------------------------------    -------------------
                         (clock sys_clk_pin rise edge)
                                                      0.000     0.000 r  
    E3                                                0.000     0.000 r  CLK100MHZ (IN)
                         net (fo=0)                   0.000     0.000    CLK100MHZ
    E3                   IBUF (Prop_ibuf_I_O)         1.482     1.482 r  CLK100MHZ_IBUF_inst/O
                         net (fo=1, routed)           2.025     3.506    CLK100MHZ_IBUF
    BUFGCTRL_X0Y16       BUFG (Prop_bufg_I_O)         0.096     3.602 r  CLK100MHZ_IBUF_BUFG_inst/O
                         net (fo=13, routed)          1.717     5.320    CLK100MHZ_IBUF_BUFG
    SLICE_X3Y83          FDRE                                         r  count_10khz_reg[8]/C
  -------------------------------------------------------------------    -------------------
    SLICE_X3Y83          FDRE (Prop_fdre_C_Q)         0.456     5.776 r  count_10khz_reg[8]/Q
                         net (fo=2, routed)           0.842     6.618    count_10khz_reg[8]
    SLICE_X2Y82          LUT3 (Prop_lut3_I1_O)        0.124     6.742 r  count_10khz[0]_i_4/O
                         net (fo=1, routed)           0.670     7.412    count_10khz[0]_i_4_n_0
    SLICE_X2Y82          LUT6 (Prop_lut6_I5_O)        0.124     7.536 r  count_10khz[0]_i_1/O
                         net (fo=13, routed)          0.646     8.182    clear
    SLICE_X3Y82          FDRE                                         r  count_10khz_reg[4]/R
  -------------------------------------------------------------------    -------------------

                         (clock sys_clk_pin rise edge)
                                                     10.000    10.000 r  
    E3                                                0.000    10.000 r  CLK100MHZ (IN)
                         net (fo=0)                   0.000    10.000    CLK100MHZ
    E3                   IBUF (Prop_ibuf_I_O)         1.411    11.411 r  CLK100MHZ_IBUF_inst/O
                         net (fo=1, routed)           1.920    13.331    CLK100MHZ_IBUF
    BUFGCTRL_X0Y16       BUFG (Prop_bufg_I_O)         0.091    13.422 r  CLK100MHZ_IBUF_BUFG_inst/O
                         net (fo=13, routed)          1.597    15.020    CLK100MHZ_IBUF_BUFG
    SLICE_X3Y82          FDRE                                         r  count_10khz_reg[4]/C
                         clock pessimism              0.275    15.295    
                         clock uncertainty           -0.035    15.259    
    SLICE_X3Y82          FDRE (Setup_fdre_C_R)       -0.429    14.830    count_10khz_reg[4]
  -------------------------------------------------------------------
                         required time                         14.830    
                         arrival time                          -8.182    
  -------------------------------------------------------------------
                         slack                                  6.648    

Slack (MET) :             6.648ns  (required time - arrival time)
  Source:                 count_10khz_reg[8]/C
                            (rising edge-triggered cell FDRE clocked by sys_clk_pin  {rise@0.000ns fall@5.000ns period=10.000ns})
  Destination:            count_10khz_reg[5]/R
                            (rising edge-triggered cell FDRE clocked by sys_clk_pin  {rise@0.000ns fall@5.000ns period=10.000ns})
  Path Group:             sys_clk_pin
  Path Type:              Setup (Max at Slow Process Corner)
  Requirement:            10.000ns  (sys_clk_pin rise@10.000ns - sys_clk_pin rise@0.000ns)
  Data Path Delay:        2.863ns  (logic 0.704ns (24.594%)  route 2.159ns (75.406%))
  Logic Levels:           2  (LUT3=1 LUT6=1)
  Clock Path Skew:        -0.025ns (DCD - SCD + CPR)
    Destination Clock Delay (DCD):    5.020ns = ( 15.020 - 10.000 ) 
    Source Clock Delay      (SCD):    5.320ns
    Clock Pessimism Removal (CPR):    0.275ns
  Clock Uncertainty:      0.035ns  ((TSJ^2 + TIJ^2)^1/2 + DJ) / 2 + PE
    Total System Jitter     (TSJ):    0.071ns
    Total Input Jitter      (TIJ):    0.000ns
    Discrete Jitter          (DJ):    0.000ns
    Phase Error              (PE):    0.000ns

    Location             Delay type                Incr(ns)  Path(ns)    Netlist Resource(s)
  -------------------------------------------------------------------    -------------------
                         (clock sys_clk_pin rise edge)
                                                      0.000     0.000 r  
    E3                                                0.000     0.000 r  CLK100MHZ (IN)
                         net (fo=0)                   0.000     0.000    CLK100MHZ
    E3                   IBUF (Prop_ibuf_I_O)         1.482     1.482 r  CLK100MHZ_IBUF_inst/O
                         net (fo=1, routed)           2.025     3.506    CLK100MHZ_IBUF
    BUFGCTRL_X0Y16       BUFG (Prop_bufg_I_O)         0.096     3.602 r  CLK100MHZ_IBUF_BUFG_inst/O
                         net (fo=13, routed)          1.717     5.320    CLK100MHZ_IBUF_BUFG
    SLICE_X3Y83          FDRE                                         r  count_10khz_reg[8]/C
  -------------------------------------------------------------------    -------------------
    SLICE_X3Y83          FDRE (Prop_fdre_C_Q)         0.456     5.776 r  count_10khz_reg[8]/Q
                         net (fo=2, routed)           0.842     6.618    count_10khz_reg[8]
    SLICE_X2Y82          LUT3 (Prop_lut3_I1_O)        0.124     6.742 r  count_10khz[0]_i_4/O
                         net (fo=1, routed)           0.670     7.412    count_10khz[0]_i_4_n_0
    SLICE_X2Y82          LUT6 (Prop_lut6_I5_O)        0.124     7.536 r  count_10khz[0]_i_1/O
                         net (fo=13, routed)          0.646     8.182    clear
    SLICE_X3Y82          FDRE                                         r  count_10khz_reg[5]/R
  -------------------------------------------------------------------    -------------------

                         (clock sys_clk_pin rise edge)
                                                     10.000    10.000 r  
    E3                                                0.000    10.000 r  CLK100MHZ (IN)
                         net (fo=0)                   0.000    10.000    CLK100MHZ
    E3                   IBUF (Prop_ibuf_I_O)         1.411    11.411 r  CLK100MHZ_IBUF_inst/O
                         net (fo=1, routed)           1.920    13.331    CLK100MHZ_IBUF
    BUFGCTRL_X0Y16       BUFG (Prop_bufg_I_O)         0.091    13.422 r  CLK100MHZ_IBUF_BUFG_inst/O
                         net (fo=13, routed)          1.597    15.020    CLK100MHZ_IBUF_BUFG
    SLICE_X3Y82          FDRE                                         r  count_10khz_reg[5]/C
                         clock pessimism              0.275    15.295    
                         clock uncertainty           -0.035    15.259    
    SLICE_X3Y82          FDRE (Setup_fdre_C_R)       -0.429    14.830    count_10khz_reg[5]
  -------------------------------------------------------------------
                         required time                         14.830    
                         arrival time                          -8.182    
  -------------------------------------------------------------------
                         slack                                  6.648    

Slack (MET) :             6.648ns  (required time - arrival time)
  Source:                 count_10khz_reg[8]/C
                            (rising edge-triggered cell FDRE clocked by sys_clk_pin  {rise@0.000ns fall@5.000ns period=10.000ns})
  Destination:            count_10khz_reg[6]/R
                            (rising edge-triggered cell FDRE clocked by sys_clk_pin  {rise@0.000ns fall@5.000ns period=10.000ns})
  Path Group:             sys_clk_pin
  Path Type:              Setup (Max at Slow Process Corner)
  Requirement:            10.000ns  (sys_clk_pin rise@10.000ns - sys_clk_pin rise@0.000ns)
  Data Path Delay:        2.863ns  (logic 0.704ns (24.594%)  route 2.159ns (75.406%))
  Logic Levels:           2  (LUT3=1 LUT6=1)
  Clock Path Skew:        -0.025ns (DCD - SCD + CPR)
    Destination Clock Delay (DCD):    5.020ns = ( 15.020 - 10.000 ) 
    Source Clock Delay      (SCD):    5.320ns
    Clock Pessimism Removal (CPR):    0.275ns
  Clock Uncertainty:      0.035ns  ((TSJ^2 + TIJ^2)^1/2 + DJ) / 2 + PE
    Total System Jitter     (TSJ):    0.071ns
    Total Input Jitter      (TIJ):    0.000ns
    Discrete Jitter          (DJ):    0.000ns
    Phase Error              (PE):    0.000ns

    Location             Delay type                Incr(ns)  Path(ns)    Netlist Resource(s)
  -------------------------------------------------------------------    -------------------
                         (clock sys_clk_pin rise edge)
                                                      0.000     0.000 r  
    E3                                                0.000     0.000 r  CLK100MHZ (IN)
                         net (fo=0)                   0.000     0.000    CLK100MHZ
    E3                   IBUF (Prop_ibuf_I_O)         1.482     1.482 r  CLK100MHZ_IBUF_inst/O
                         net (fo=1, routed)           2.025     3.506    CLK100MHZ_IBUF
    BUFGCTRL_X0Y16       BUFG (Prop_bufg_I_O)         0.096     3.602 r  CLK100MHZ_IBUF_BUFG_inst/O
                         net (fo=13, routed)          1.717     5.320    CLK100MHZ_IBUF_BUFG
    SLICE_X3Y83          FDRE                                         r  count_10khz_reg[8]/C
  -------------------------------------------------------------------    -------------------
    SLICE_X3Y83          FDRE (Prop_fdre_C_Q)         0.456     5.776 r  count_10khz_reg[8]/Q
                         net (fo=2, routed)           0.842     6.618    count_10khz_reg[8]
    SLICE_X2Y82          LUT3 (Prop_lut3_I1_O)        0.124     6.742 r  count_10khz[0]_i_4/O
                         net (fo=1, routed)           0.670     7.412    count_10khz[0]_i_4_n_0
    SLICE_X2Y82          LUT6 (Prop_lut6_I5_O)        0.124     7.536 r  count_10khz[0]_i_1/O
                         net (fo=13, routed)          0.646     8.182    clear
    SLICE_X3Y82          FDRE                                         r  count_10khz_reg[6]/R
  -------------------------------------------------------------------    -------------------

                         (clock sys_clk_pin rise edge)
                                                     10.000    10.000 r  
    E3                                                0.000    10.000 r  CLK100MHZ (IN)
                         net (fo=0)                   0.000    10.000    CLK100MHZ
    E3                   IBUF (Prop_ibuf_I_O)         1.411    11.411 r  CLK100MHZ_IBUF_inst/O
                         net (fo=1, routed)           1.920    13.331    CLK100MHZ_IBUF
    BUFGCTRL_X0Y16       BUFG (Prop_bufg_I_O)         0.091    13.422 r  CLK100MHZ_IBUF_BUFG_inst/O
                         net (fo=13, routed)          1.597    15.020    CLK100MHZ_IBUF_BUFG
    SLICE_X3Y82          FDRE                                         r  count_10khz_reg[6]/C
                         clock pessimism              0.275    15.295    
                         clock uncertainty           -0.035    15.259    
    SLICE_X3Y82          FDRE (Setup_fdre_C_R)       -0.429    14.830    count_10khz_reg[6]
  -------------------------------------------------------------------
                         required time                         14.830    
                         arrival time                          -8.182    
  -------------------------------------------------------------------
                         slack                                  6.648    

Slack (MET) :             6.648ns  (required time - arrival time)
  Source:                 count_10khz_reg[8]/C
                            (rising edge-triggered cell FDRE clocked by sys_clk_pin  {rise@0.000ns fall@5.000ns period=10.000ns})
  Destination:            count_10khz_reg[7]/R
                            (rising edge-triggered cell FDRE clocked by sys_clk_pin  {rise@0.000ns fall@5.000ns period=10.000ns})
  Path Group:             sys_clk_pin
  Path Type:              Setup (Max at Slow Process Corner)
  Requirement:            10.000ns  (sys_clk_pin rise@10.000ns - sys_clk_pin rise@0.000ns)
  Data Path Delay:        2.863ns  (logic 0.704ns (24.594%)  route 2.159ns (75.406%))
  Logic Levels:           2  (LUT3=1 LUT6=1)
  Clock Path Skew:        -0.025ns (DCD - SCD + CPR)
    Destination Clock Delay (DCD):    5.020ns = ( 15.020 - 10.000 ) 
    Source Clock Delay      (SCD):    5.320ns
    Clock Pessimism Removal (CPR):    0.275ns
  Clock Uncertainty:      0.035ns  ((TSJ^2 + TIJ^2)^1/2 + DJ) / 2 + PE
    Total System Jitter     (TSJ):    0.071ns
    Total Input Jitter      (TIJ):    0.000ns
    Discrete Jitter          (DJ):    0.000ns
    Phase Error              (PE):    0.000ns

    Location             Delay type                Incr(ns)  Path(ns)    Netlist Resource(s)
  -------------------------------------------------------------------    -------------------
                         (clock sys_clk_pin rise edge)
                                                      0.000     0.000 r  
    E3                                                0.000     0.000 r  CLK100MHZ (IN)
                         net (fo=0)                   0.000     0.000    CLK100MHZ
    E3                   IBUF (Prop_ibuf_I_O)         1.482     1.482 r  CLK100MHZ_IBUF_inst/O
                         net (fo=1, routed)           2.025     3.506    CLK100MHZ_IBUF
    BUFGCTRL_X0Y16       BUFG (Prop_bufg_I_O)         0.096     3.602 r  CLK100MHZ_IBUF_BUFG_inst/O
                         net (fo=13, routed)          1.717     5.320    CLK100MHZ_IBUF_BUFG
    SLICE_X3Y83          FDRE                                         r  count_10khz_reg[8]/C
  -------------------------------------------------------------------    -------------------
    SLICE_X3Y83          FDRE (Prop_fdre_C_Q)         0.456     5.776 r  count_10khz_reg[8]/Q
                         net (fo=2, routed)           0.842     6.618    count_10khz_reg[8]
    SLICE_X2Y82          LUT3 (Prop_lut3_I1_O)        0.124     6.742 r  count_10khz[0]_i_4/O
                         net (fo=1, routed)           0.670     7.412    count_10khz[0]_i_4_n_0
    SLICE_X2Y82          LUT6 (Prop_lut6_I5_O)        0.124     7.536 r  count_10khz[0]_i_1/O
                         net (fo=13, routed)          0.646     8.182    clear
    SLICE_X3Y82          FDRE                                         r  count_10khz_reg[7]/R
  -------------------------------------------------------------------    -------------------

                         (clock sys_clk_pin rise edge)
                                                     10.000    10.000 r  
    E3                                                0.000    10.000 r  CLK100MHZ (IN)
                         net (fo=0)                   0.000    10.000    CLK100MHZ
    E3                   IBUF (Prop_ibuf_I_O)         1.411    11.411 r  CLK100MHZ_IBUF_inst/O
                         net (fo=1, routed)           1.920    13.331    CLK100MHZ_IBUF
    BUFGCTRL_X0Y16       BUFG (Prop_bufg_I_O)         0.091    13.422 r  CLK100MHZ_IBUF_BUFG_inst/O
                         net (fo=13, routed)          1.597    15.020    CLK100MHZ_IBUF_BUFG
    SLICE_X3Y82          FDRE                                         r  count_10khz_reg[7]/C
                         clock pessimism              0.275    15.295    
                         clock uncertainty           -0.035    15.259    
    SLICE_X3Y82          FDRE (Setup_fdre_C_R)       -0.429    14.830    count_10khz_reg[7]
  -------------------------------------------------------------------
                         required time                         14.830    
                         arrival time                          -8.182    
  -------------------------------------------------------------------
                         slack                                  6.648    

Slack (MET) :             6.921ns  (required time - arrival time)
  Source:                 count_10khz_reg[8]/C
                            (rising edge-triggered cell FDRE clocked by sys_clk_pin  {rise@0.000ns fall@5.000ns period=10.000ns})
  Destination:            count_10khz_reg[0]/R
                            (rising edge-triggered cell FDRE clocked by sys_clk_pin  {rise@0.000ns fall@5.000ns period=10.000ns})
  Path Group:             sys_clk_pin
  Path Type:              Setup (Max at Slow Process Corner)
  Requirement:            10.000ns  (sys_clk_pin rise@10.000ns - sys_clk_pin rise@0.000ns)
  Data Path Delay:        2.588ns  (logic 0.704ns (27.206%)  route 1.884ns (72.794%))
  Logic Levels:           2  (LUT3=1 LUT6=1)
  Clock Path Skew:        -0.027ns (DCD - SCD + CPR)
    Destination Clock Delay (DCD):    5.018ns = ( 15.018 - 10.000 ) 
    Source Clock Delay      (SCD):    5.320ns
    Clock Pessimism Removal (CPR):    0.275ns
  Clock Uncertainty:      0.035ns  ((TSJ^2 + TIJ^2)^1/2 + DJ) / 2 + PE
    Total System Jitter     (TSJ):    0.071ns
    Total Input Jitter      (TIJ):    0.000ns
    Discrete Jitter          (DJ):    0.000ns
    Phase Error              (PE):    0.000ns

    Location             Delay type                Incr(ns)  Path(ns)    Netlist Resource(s)
  -------------------------------------------------------------------    -------------------
                         (clock sys_clk_pin rise edge)
                                                      0.000     0.000 r  
    E3                                                0.000     0.000 r  CLK100MHZ (IN)
                         net (fo=0)                   0.000     0.000    CLK100MHZ
    E3                   IBUF (Prop_ibuf_I_O)         1.482     1.482 r  CLK100MHZ_IBUF_inst/O
                         net (fo=1, routed)           2.025     3.506    CLK100MHZ_IBUF
    BUFGCTRL_X0Y16       BUFG (Prop_bufg_I_O)         0.096     3.602 r  CLK100MHZ_IBUF_BUFG_inst/O
                         net (fo=13, routed)          1.717     5.320    CLK100MHZ_IBUF_BUFG
    SLICE_X3Y83          FDRE                                         r  count_10khz_reg[8]/C
  -------------------------------------------------------------------    -------------------
    SLICE_X3Y83          FDRE (Prop_fdre_C_Q)         0.456     5.776 r  count_10khz_reg[8]/Q
                         net (fo=2, routed)           0.842     6.618    count_10khz_reg[8]
    SLICE_X2Y82          LUT3 (Prop_lut3_I1_O)        0.124     6.742 r  count_10khz[0]_i_4/O
                         net (fo=1, routed)           0.670     7.412    count_10khz[0]_i_4_n_0
    SLICE_X2Y82          LUT6 (Prop_lut6_I5_O)        0.124     7.536 r  count_10khz[0]_i_1/O
                         net (fo=13, routed)          0.371     7.907    clear
    SLICE_X3Y81          FDRE                                         r  count_10khz_reg[0]/R
  -------------------------------------------------------------------    -------------------

                         (clock sys_clk_pin rise edge)
                                                     10.000    10.000 r  
    E3                                                0.000    10.000 r  CLK100MHZ (IN)
                         net (fo=0)                   0.000    10.000    CLK100MHZ
    E3                   IBUF (Prop_ibuf_I_O)         1.411    11.411 r  CLK100MHZ_IBUF_inst/O
                         net (fo=1, routed)           1.920    13.331    CLK100MHZ_IBUF
    BUFGCTRL_X0Y16       BUFG (Prop_bufg_I_O)         0.091    13.422 r  CLK100MHZ_IBUF_BUFG_inst/O
                         net (fo=13, routed)          1.595    15.018    CLK100MHZ_IBUF_BUFG
    SLICE_X3Y81          FDRE                                         r  count_10khz_reg[0]/C
                         clock pessimism              0.275    15.293    
                         clock uncertainty           -0.035    15.257    
    SLICE_X3Y81          FDRE (Setup_fdre_C_R)       -0.429    14.828    count_10khz_reg[0]
  -------------------------------------------------------------------
                         required time                         14.828    
                         arrival time                          -7.907    
  -------------------------------------------------------------------
                         slack                                  6.921    

Slack (MET) :             6.921ns  (required time - arrival time)
  Source:                 count_10khz_reg[8]/C
                            (rising edge-triggered cell FDRE clocked by sys_clk_pin  {rise@0.000ns fall@5.000ns period=10.000ns})
  Destination:            count_10khz_reg[1]/R
                            (rising edge-triggered cell FDRE clocked by sys_clk_pin  {rise@0.000ns fall@5.000ns period=10.000ns})
  Path Group:             sys_clk_pin
  Path Type:              Setup (Max at Slow Process Corner)
  Requirement:            10.000ns  (sys_clk_pin rise@10.000ns - sys_clk_pin rise@0.000ns)
  Data Path Delay:        2.588ns  (logic 0.704ns (27.206%)  route 1.884ns (72.794%))
  Logic Levels:           2  (LUT3=1 LUT6=1)
  Clock Path Skew:        -0.027ns (DCD - SCD + CPR)
    Destination Clock Delay (DCD):    5.018ns = ( 15.018 - 10.000 ) 
    Source Clock Delay      (SCD):    5.320ns
    Clock Pessimism Removal (CPR):    0.275ns
  Clock Uncertainty:      0.035ns  ((TSJ^2 + TIJ^2)^1/2 + DJ) / 2 + PE
    Total System Jitter     (TSJ):    0.071ns
    Total Input Jitter      (TIJ):    0.000ns
    Discrete Jitter          (DJ):    0.000ns
    Phase Error              (PE):    0.000ns

    Location             Delay type                Incr(ns)  Path(ns)    Netlist Resource(s)
  -------------------------------------------------------------------    -------------------
                         (clock sys_clk_pin rise edge)
                                                      0.000     0.000 r  
    E3                                                0.000     0.000 r  CLK100MHZ (IN)
                         net (fo=0)                   0.000     0.000    CLK100MHZ
    E3                   IBUF (Prop_ibuf_I_O)         1.482     1.482 r  CLK100MHZ_IBUF_inst/O
                         net (fo=1, routed)           2.025     3.506    CLK100MHZ_IBUF
    BUFGCTRL_X0Y16       BUFG (Prop_bufg_I_O)         0.096     3.602 r  CLK100MHZ_IBUF_BUFG_inst/O
                         net (fo=13, routed)          1.717     5.320    CLK100MHZ_IBUF_BUFG
    SLICE_X3Y83          FDRE                                         r  count_10khz_reg[8]/C
  -------------------------------------------------------------------    -------------------
    SLICE_X3Y83          FDRE (Prop_fdre_C_Q)         0.456     5.776 r  count_10khz_reg[8]/Q
                         net (fo=2, routed)           0.842     6.618    count_10khz_reg[8]
    SLICE_X2Y82          LUT3 (Prop_lut3_I1_O)        0.124     6.742 r  count_10khz[0]_i_4/O
                         net (fo=1, routed)           0.670     7.412    count_10khz[0]_i_4_n_0
    SLICE_X2Y82          LUT6 (Prop_lut6_I5_O)        0.124     7.536 r  count_10khz[0]_i_1/O
                         net (fo=13, routed)          0.371     7.907    clear
    SLICE_X3Y81          FDRE                                         r  count_10khz_reg[1]/R
  -------------------------------------------------------------------    -------------------

                         (clock sys_clk_pin rise edge)
                                                     10.000    10.000 r  
    E3                                                0.000    10.000 r  CLK100MHZ (IN)
                         net (fo=0)                   0.000    10.000    CLK100MHZ
    E3                   IBUF (Prop_ibuf_I_O)         1.411    11.411 r  CLK100MHZ_IBUF_inst/O
                         net (fo=1, routed)           1.920    13.331    CLK100MHZ_IBUF
    BUFGCTRL_X0Y16       BUFG (Prop_bufg_I_O)         0.091    13.422 r  CLK100MHZ_IBUF_BUFG_inst/O
                         net (fo=13, routed)          1.595    15.018    CLK100MHZ_IBUF_BUFG
    SLICE_X3Y81          FDRE                                         r  count_10khz_reg[1]/C
                         clock pessimism              0.275    15.293    
                         clock uncertainty           -0.035    15.257    
    SLICE_X3Y81          FDRE (Setup_fdre_C_R)       -0.429    14.828    count_10khz_reg[1]
  -------------------------------------------------------------------
                         required time                         14.828    
                         arrival time                          -7.907    
  -------------------------------------------------------------------
                         slack                                  6.921    





Min Delay Paths
--------------------------------------------------------------------------------------
Slack (MET) :             0.262ns  (arrival time - required time)
  Source:                 count_10khz_reg[11]/C
                            (rising edge-triggered cell FDRE clocked by sys_clk_pin  {rise@0.000ns fall@5.000ns period=10.000ns})
  Destination:            count_10khz_reg[11]/D
                            (rising edge-triggered cell FDRE clocked by sys_clk_pin  {rise@0.000ns fall@5.000ns period=10.000ns})
  Path Group:             sys_clk_pin
  Path Type:              Hold (Min at Fast Process Corner)
  Requirement:            0.000ns  (sys_clk_pin rise@0.000ns - sys_clk_pin rise@0.000ns)
  Data Path Delay:        0.367ns  (logic 0.249ns (67.829%)  route 0.118ns (32.171%))
  Logic Levels:           1  (CARRY4=1)
  Clock Path Skew:        0.000ns (DCD - SCD - CPR)
    Destination Clock Delay (DCD):    2.035ns
    Source Clock Delay      (SCD):    1.518ns
    Clock Pessimism Removal (CPR):    0.516ns

    Location             Delay type                Incr(ns)  Path(ns)    Netlist Resource(s)
  -------------------------------------------------------------------    -------------------
                         (clock sys_clk_pin rise edge)
                                                      0.000     0.000 r  
    E3                                                0.000     0.000 r  CLK100MHZ (IN)
                         net (fo=0)                   0.000     0.000    CLK100MHZ
    E3                   IBUF (Prop_ibuf_I_O)         0.250     0.250 r  CLK100MHZ_IBUF_inst/O
                         net (fo=1, routed)           0.644     0.894    CLK100MHZ_IBUF
    BUFGCTRL_X0Y16       BUFG (Prop_bufg_I_O)         0.026     0.920 r  CLK100MHZ_IBUF_BUFG_inst/O
                         net (fo=13, routed)          0.599     1.518    CLK100MHZ_IBUF_BUFG
    SLICE_X3Y83          FDRE                                         r  count_10khz_reg[11]/C
  -------------------------------------------------------------------    -------------------
    SLICE_X3Y83          FDRE (Prop_fdre_C_Q)         0.141     1.659 r  count_10khz_reg[11]/Q
                         net (fo=2, routed)           0.118     1.777    count_10khz_reg[11]
    SLICE_X3Y83          CARRY4 (Prop_carry4_S[3]_O[3])
                                                      0.108     1.885 r  count_10khz_reg[8]_i_1/O[3]
                         net (fo=1, routed)           0.000     1.885    count_10khz_reg[8]_i_1_n_4
    SLICE_X3Y83          FDRE                                         r  count_10khz_reg[11]/D
  -------------------------------------------------------------------    -------------------

                         (clock sys_clk_pin rise edge)
                                                      0.000     0.000 r  
    E3                                                0.000     0.000 r  CLK100MHZ (IN)
                         net (fo=0)                   0.000     0.000    CLK100MHZ
    E3                   IBUF (Prop_ibuf_I_O)         0.438     0.438 r  CLK100MHZ_IBUF_inst/O
                         net (fo=1, routed)           0.699     1.136    CLK100MHZ_IBUF
    BUFGCTRL_X0Y16       BUFG (Prop_bufg_I_O)         0.029     1.165 r  CLK100MHZ_IBUF_BUFG_inst/O
                         net (fo=13, routed)          0.870     2.035    CLK100MHZ_IBUF_BUFG
    SLICE_X3Y83          FDRE                                         r  count_10khz_reg[11]/C
                         clock pessimism             -0.516     1.518    
    SLICE_X3Y83          FDRE (Hold_fdre_C_D)         0.105     1.623    count_10khz_reg[11]
  -------------------------------------------------------------------
                         required time                         -1.623    
                         arrival time                           1.885    
  -------------------------------------------------------------------
                         slack                                  0.262    

Slack (MET) :             0.263ns  (arrival time - required time)
  Source:                 count_10khz_reg[7]/C
                            (rising edge-triggered cell FDRE clocked by sys_clk_pin  {rise@0.000ns fall@5.000ns period=10.000ns})
  Destination:            count_10khz_reg[7]/D
                            (rising edge-triggered cell FDRE clocked by sys_clk_pin  {rise@0.000ns fall@5.000ns period=10.000ns})
  Path Group:             sys_clk_pin
  Path Type:              Hold (Min at Fast Process Corner)
  Requirement:            0.000ns  (sys_clk_pin rise@0.000ns - sys_clk_pin rise@0.000ns)
  Data Path Delay:        0.368ns  (logic 0.249ns (67.612%)  route 0.119ns (32.388%))
  Logic Levels:           1  (CARRY4=1)
  Clock Path Skew:        0.000ns (DCD - SCD - CPR)
    Destination Clock Delay (DCD):    2.034ns
    Source Clock Delay      (SCD):    1.517ns
    Clock Pessimism Removal (CPR):    0.516ns

    Location             Delay type                Incr(ns)  Path(ns)    Netlist Resource(s)
  -------------------------------------------------------------------    -------------------
                         (clock sys_clk_pin rise edge)
                                                      0.000     0.000 r  
    E3                                                0.000     0.000 r  CLK100MHZ (IN)
                         net (fo=0)                   0.000     0.000    CLK100MHZ
    E3                   IBUF (Prop_ibuf_I_O)         0.250     0.250 r  CLK100MHZ_IBUF_inst/O
                         net (fo=1, routed)           0.644     0.894    CLK100MHZ_IBUF
    BUFGCTRL_X0Y16       BUFG (Prop_bufg_I_O)         0.026     0.920 r  CLK100MHZ_IBUF_BUFG_inst/O
                         net (fo=13, routed)          0.598     1.517    CLK100MHZ_IBUF_BUFG
    SLICE_X3Y82          FDRE                                         r  count_10khz_reg[7]/C
  -------------------------------------------------------------------    -------------------
    SLICE_X3Y82          FDRE (Prop_fdre_C_Q)         0.141     1.658 r  count_10khz_reg[7]/Q
                         net (fo=2, routed)           0.119     1.778    count_10khz_reg[7]
    SLICE_X3Y82          CARRY4 (Prop_carry4_S[3]_O[3])
                                                      0.108     1.886 r  count_10khz_reg[4]_i_1/O[3]
                         net (fo=1, routed)           0.000     1.886    count_10khz_reg[4]_i_1_n_4
    SLICE_X3Y82          FDRE                                         r  count_10khz_reg[7]/D
  -------------------------------------------------------------------    -------------------

                         (clock sys_clk_pin rise edge)
                                                      0.000     0.000 r  
    E3                                                0.000     0.000 r  CLK100MHZ (IN)
                         net (fo=0)                   0.000     0.000    CLK100MHZ
    E3                   IBUF (Prop_ibuf_I_O)         0.438     0.438 r  CLK100MHZ_IBUF_inst/O
                         net (fo=1, routed)           0.699     1.136    CLK100MHZ_IBUF
    BUFGCTRL_X0Y16       BUFG (Prop_bufg_I_O)         0.029     1.165 r  CLK100MHZ_IBUF_BUFG_inst/O
                         net (fo=13, routed)          0.869     2.034    CLK100MHZ_IBUF_BUFG
    SLICE_X3Y82          FDRE                                         r  count_10khz_reg[7]/C
                         clock pessimism             -0.516     1.517    
    SLICE_X3Y82          FDRE (Hold_fdre_C_D)         0.105     1.622    count_10khz_reg[7]
  -------------------------------------------------------------------
                         required time                         -1.622    
                         arrival time                           1.886    
  -------------------------------------------------------------------
                         slack                                  0.263    

Slack (MET) :             0.264ns  (arrival time - required time)
  Source:                 count_10khz_reg[3]/C
                            (rising edge-triggered cell FDRE clocked by sys_clk_pin  {rise@0.000ns fall@5.000ns period=10.000ns})
  Destination:            count_10khz_reg[3]/D
                            (rising edge-triggered cell FDRE clocked by sys_clk_pin  {rise@0.000ns fall@5.000ns period=10.000ns})
  Path Group:             sys_clk_pin
  Path Type:              Hold (Min at Fast Process Corner)
  Requirement:            0.000ns  (sys_clk_pin rise@0.000ns - sys_clk_pin rise@0.000ns)
  Data Path Delay:        0.369ns  (logic 0.249ns (67.424%)  route 0.120ns (32.576%))
  Logic Levels:           1  (CARRY4=1)
  Clock Path Skew:        0.000ns (DCD - SCD - CPR)
    Destination Clock Delay (DCD):    2.033ns
    Source Clock Delay      (SCD):    1.516ns
    Clock Pessimism Removal (CPR):    0.516ns

    Location             Delay type                Incr(ns)  Path(ns)    Netlist Resource(s)
  -------------------------------------------------------------------    -------------------
                         (clock sys_clk_pin rise edge)
                                                      0.000     0.000 r  
    E3                                                0.000     0.000 r  CLK100MHZ (IN)
                         net (fo=0)                   0.000     0.000    CLK100MHZ
    E3                   IBUF (Prop_ibuf_I_O)         0.250     0.250 r  CLK100MHZ_IBUF_inst/O
                         net (fo=1, routed)           0.644     0.894    CLK100MHZ_IBUF
    BUFGCTRL_X0Y16       BUFG (Prop_bufg_I_O)         0.026     0.920 r  CLK100MHZ_IBUF_BUFG_inst/O
                         net (fo=13, routed)          0.597     1.516    CLK100MHZ_IBUF_BUFG
    SLICE_X3Y81          FDRE                                         r  count_10khz_reg[3]/C
  -------------------------------------------------------------------    -------------------
    SLICE_X3Y81          FDRE (Prop_fdre_C_Q)         0.141     1.657 r  count_10khz_reg[3]/Q
                         net (fo=2, routed)           0.120     1.778    count_10khz_reg[3]
    SLICE_X3Y81          CARRY4 (Prop_carry4_S[3]_O[3])
                                                      0.108     1.886 r  count_10khz_reg[0]_i_2/O[3]
                         net (fo=1, routed)           0.000     1.886    count_10khz_reg[0]_i_2_n_4
    SLICE_X3Y81          FDRE                                         r  count_10khz_reg[3]/D
  -------------------------------------------------------------------    -------------------

                         (clock sys_clk_pin rise edge)
                                                      0.000     0.000 r  
    E3                                                0.000     0.000 r  CLK100MHZ (IN)
                         net (fo=0)                   0.000     0.000    CLK100MHZ
    E3                   IBUF (Prop_ibuf_I_O)         0.438     0.438 r  CLK100MHZ_IBUF_inst/O
                         net (fo=1, routed)           0.699     1.136    CLK100MHZ_IBUF
    BUFGCTRL_X0Y16       BUFG (Prop_bufg_I_O)         0.029     1.165 r  CLK100MHZ_IBUF_BUFG_inst/O
                         net (fo=13, routed)          0.868     2.033    CLK100MHZ_IBUF_BUFG
    SLICE_X3Y81          FDRE                                         r  count_10khz_reg[3]/C
                         clock pessimism             -0.516     1.516    
    SLICE_X3Y81          FDRE (Hold_fdre_C_D)         0.105     1.621    count_10khz_reg[3]
  -------------------------------------------------------------------
                         required time                         -1.621    
                         arrival time                           1.886    
  -------------------------------------------------------------------
                         slack                                  0.264    

Slack (MET) :             0.265ns  (arrival time - required time)
  Source:                 count_10khz_reg[4]/C
                            (rising edge-triggered cell FDRE clocked by sys_clk_pin  {rise@0.000ns fall@5.000ns period=10.000ns})
  Destination:            count_10khz_reg[4]/D
                            (rising edge-triggered cell FDRE clocked by sys_clk_pin  {rise@0.000ns fall@5.000ns period=10.000ns})
  Path Group:             sys_clk_pin
  Path Type:              Hold (Min at Fast Process Corner)
  Requirement:            0.000ns  (sys_clk_pin rise@0.000ns - sys_clk_pin rise@0.000ns)
  Data Path Delay:        0.370ns  (logic 0.256ns (69.181%)  route 0.114ns (30.819%))
  Logic Levels:           1  (CARRY4=1)
  Clock Path Skew:        0.000ns (DCD - SCD - CPR)
    Destination Clock Delay (DCD):    2.034ns
    Source Clock Delay      (SCD):    1.517ns
    Clock Pessimism Removal (CPR):    0.516ns

    Location             Delay type                Incr(ns)  Path(ns)    Netlist Resource(s)
  -------------------------------------------------------------------    -------------------
                         (clock sys_clk_pin rise edge)
                                                      0.000     0.000 r  
    E3                                                0.000     0.000 r  CLK100MHZ (IN)
                         net (fo=0)                   0.000     0.000    CLK100MHZ
    E3                   IBUF (Prop_ibuf_I_O)         0.250     0.250 r  CLK100MHZ_IBUF_inst/O
                         net (fo=1, routed)           0.644     0.894    CLK100MHZ_IBUF
    BUFGCTRL_X0Y16       BUFG (Prop_bufg_I_O)         0.026     0.920 r  CLK100MHZ_IBUF_BUFG_inst/O
                         net (fo=13, routed)          0.598     1.517    CLK100MHZ_IBUF_BUFG
    SLICE_X3Y82          FDRE                                         r  count_10khz_reg[4]/C
  -------------------------------------------------------------------    -------------------
    SLICE_X3Y82          FDRE (Prop_fdre_C_Q)         0.141     1.658 r  count_10khz_reg[4]/Q
                         net (fo=2, routed)           0.114     1.772    count_10khz_reg[4]
    SLICE_X3Y82          CARRY4 (Prop_carry4_S[0]_O[0])
                                                      0.115     1.887 r  count_10khz_reg[4]_i_1/O[0]
                         net (fo=1, routed)           0.000     1.887    count_10khz_reg[4]_i_1_n_7
    SLICE_X3Y82          FDRE                                         r  count_10khz_reg[4]/D
  -------------------------------------------------------------------    -------------------

                         (clock sys_clk_pin rise edge)
                                                      0.000     0.000 r  
    E3                                                0.000     0.000 r  CLK100MHZ (IN)
                         net (fo=0)                   0.000     0.000    CLK100MHZ
    E3                   IBUF (Prop_ibuf_I_O)         0.438     0.438 r  CLK100MHZ_IBUF_inst/O
                         net (fo=1, routed)           0.699     1.136    CLK100MHZ_IBUF
    BUFGCTRL_X0Y16       BUFG (Prop_bufg_I_O)         0.029     1.165 r  CLK100MHZ_IBUF_BUFG_inst/O
                         net (fo=13, routed)          0.869     2.034    CLK100MHZ_IBUF_BUFG
    SLICE_X3Y82          FDRE                                         r  count_10khz_reg[4]/C
                         clock pessimism             -0.516     1.517    
    SLICE_X3Y82          FDRE (Hold_fdre_C_D)         0.105     1.622    count_10khz_reg[4]
  -------------------------------------------------------------------
                         required time                         -1.622    
                         arrival time                           1.887    
  -------------------------------------------------------------------
                         slack                                  0.265    

Slack (MET) :             0.267ns  (arrival time - required time)
  Source:                 count_10khz_reg[6]/C
                            (rising edge-triggered cell FDRE clocked by sys_clk_pin  {rise@0.000ns fall@5.000ns period=10.000ns})
  Destination:            count_10khz_reg[6]/D
                            (rising edge-triggered cell FDRE clocked by sys_clk_pin  {rise@0.000ns fall@5.000ns period=10.000ns})
  Path Group:             sys_clk_pin
  Path Type:              Hold (Min at Fast Process Corner)
  Requirement:            0.000ns  (sys_clk_pin rise@0.000ns - sys_clk_pin rise@0.000ns)
  Data Path Delay:        0.372ns  (logic 0.252ns (67.654%)  route 0.120ns (32.346%))
  Logic Levels:           1  (CARRY4=1)
  Clock Path Skew:        0.000ns (DCD - SCD - CPR)
    Destination Clock Delay (DCD):    2.034ns
    Source Clock Delay      (SCD):    1.517ns
    Clock Pessimism Removal (CPR):    0.516ns

    Location             Delay type                Incr(ns)  Path(ns)    Netlist Resource(s)
  -------------------------------------------------------------------    -------------------
                         (clock sys_clk_pin rise edge)
                                                      0.000     0.000 r  
    E3                                                0.000     0.000 r  CLK100MHZ (IN)
                         net (fo=0)                   0.000     0.000    CLK100MHZ
    E3                   IBUF (Prop_ibuf_I_O)         0.250     0.250 r  CLK100MHZ_IBUF_inst/O
                         net (fo=1, routed)           0.644     0.894    CLK100MHZ_IBUF
    BUFGCTRL_X0Y16       BUFG (Prop_bufg_I_O)         0.026     0.920 r  CLK100MHZ_IBUF_BUFG_inst/O
                         net (fo=13, routed)          0.598     1.517    CLK100MHZ_IBUF_BUFG
    SLICE_X3Y82          FDRE                                         r  count_10khz_reg[6]/C
  -------------------------------------------------------------------    -------------------
    SLICE_X3Y82          FDRE (Prop_fdre_C_Q)         0.141     1.658 r  count_10khz_reg[6]/Q
                         net (fo=2, routed)           0.120     1.779    count_10khz_reg[6]
    SLICE_X3Y82          CARRY4 (Prop_carry4_S[2]_O[2])
                                                      0.111     1.890 r  count_10khz_reg[4]_i_1/O[2]
                         net (fo=1, routed)           0.000     1.890    count_10khz_reg[4]_i_1_n_5
    SLICE_X3Y82          FDRE                                         r  count_10khz_reg[6]/D
  -------------------------------------------------------------------    -------------------

                         (clock sys_clk_pin rise edge)
                                                      0.000     0.000 r  
    E3                                                0.000     0.000 r  CLK100MHZ (IN)
                         net (fo=0)                   0.000     0.000    CLK100MHZ
    E3                   IBUF (Prop_ibuf_I_O)         0.438     0.438 r  CLK100MHZ_IBUF_inst/O
                         net (fo=1, routed)           0.699     1.136    CLK100MHZ_IBUF
    BUFGCTRL_X0Y16       BUFG (Prop_bufg_I_O)         0.029     1.165 r  CLK100MHZ_IBUF_BUFG_inst/O
                         net (fo=13, routed)          0.869     2.034    CLK100MHZ_IBUF_BUFG
    SLICE_X3Y82          FDRE                                         r  count_10khz_reg[6]/C
                         clock pessimism             -0.516     1.517    
    SLICE_X3Y82          FDRE (Hold_fdre_C_D)         0.105     1.622    count_10khz_reg[6]
  -------------------------------------------------------------------
                         required time                         -1.622    
                         arrival time                           1.890    
  -------------------------------------------------------------------
                         slack                                  0.267    

Slack (MET) :             0.268ns  (arrival time - required time)
  Source:                 count_10khz_reg[8]/C
                            (rising edge-triggered cell FDRE clocked by sys_clk_pin  {rise@0.000ns fall@5.000ns period=10.000ns})
  Destination:            count_10khz_reg[8]/D
                            (rising edge-triggered cell FDRE clocked by sys_clk_pin  {rise@0.000ns fall@5.000ns period=10.000ns})
  Path Group:             sys_clk_pin
  Path Type:              Hold (Min at Fast Process Corner)
  Requirement:            0.000ns  (sys_clk_pin rise@0.000ns - sys_clk_pin rise@0.000ns)
  Data Path Delay:        0.373ns  (logic 0.256ns (68.576%)  route 0.117ns (31.424%))
  Logic Levels:           1  (CARRY4=1)
  Clock Path Skew:        0.000ns (DCD - SCD - CPR)
    Destination Clock Delay (DCD):    2.035ns
    Source Clock Delay      (SCD):    1.518ns
    Clock Pessimism Removal (CPR):    0.516ns

    Location             Delay type                Incr(ns)  Path(ns)    Netlist Resource(s)
  -------------------------------------------------------------------    -------------------
                         (clock sys_clk_pin rise edge)
                                                      0.000     0.000 r  
    E3                                                0.000     0.000 r  CLK100MHZ (IN)
                         net (fo=0)                   0.000     0.000    CLK100MHZ
    E3                   IBUF (Prop_ibuf_I_O)         0.250     0.250 r  CLK100MHZ_IBUF_inst/O
                         net (fo=1, routed)           0.644     0.894    CLK100MHZ_IBUF
    BUFGCTRL_X0Y16       BUFG (Prop_bufg_I_O)         0.026     0.920 r  CLK100MHZ_IBUF_BUFG_inst/O
                         net (fo=13, routed)          0.599     1.518    CLK100MHZ_IBUF_BUFG
    SLICE_X3Y83          FDRE                                         r  count_10khz_reg[8]/C
  -------------------------------------------------------------------    -------------------
    SLICE_X3Y83          FDRE (Prop_fdre_C_Q)         0.141     1.659 r  count_10khz_reg[8]/Q
                         net (fo=2, routed)           0.117     1.777    count_10khz_reg[8]
    SLICE_X3Y83          CARRY4 (Prop_carry4_S[0]_O[0])
                                                      0.115     1.892 r  count_10khz_reg[8]_i_1/O[0]
                         net (fo=1, routed)           0.000     1.892    count_10khz_reg[8]_i_1_n_7
    SLICE_X3Y83          FDRE                                         r  count_10khz_reg[8]/D
  -------------------------------------------------------------------    -------------------

                         (clock sys_clk_pin rise edge)
                                                      0.000     0.000 r  
    E3                                                0.000     0.000 r  CLK100MHZ (IN)
                         net (fo=0)                   0.000     0.000    CLK100MHZ
    E3                   IBUF (Prop_ibuf_I_O)         0.438     0.438 r  CLK100MHZ_IBUF_inst/O
                         net (fo=1, routed)           0.699     1.136    CLK100MHZ_IBUF
    BUFGCTRL_X0Y16       BUFG (Prop_bufg_I_O)         0.029     1.165 r  CLK100MHZ_IBUF_BUFG_inst/O
                         net (fo=13, routed)          0.870     2.035    CLK100MHZ_IBUF_BUFG
    SLICE_X3Y83          FDRE                                         r  count_10khz_reg[8]/C
                         clock pessimism             -0.516     1.518    
    SLICE_X3Y83          FDRE (Hold_fdre_C_D)         0.105     1.623    count_10khz_reg[8]
  -------------------------------------------------------------------
                         required time                         -1.623    
                         arrival time                           1.892    
  -------------------------------------------------------------------
                         slack                                  0.268    

Slack (MET) :             0.269ns  (arrival time - required time)
  Source:                 count_10khz_reg[10]/C
                            (rising edge-triggered cell FDRE clocked by sys_clk_pin  {rise@0.000ns fall@5.000ns period=10.000ns})
  Destination:            count_10khz_reg[10]/D
                            (rising edge-triggered cell FDRE clocked by sys_clk_pin  {rise@0.000ns fall@5.000ns period=10.000ns})
  Path Group:             sys_clk_pin
  Path Type:              Hold (Min at Fast Process Corner)
  Requirement:            0.000ns  (sys_clk_pin rise@0.000ns - sys_clk_pin rise@0.000ns)
  Data Path Delay:        0.374ns  (logic 0.252ns (67.456%)  route 0.122ns (32.544%))
  Logic Levels:           1  (CARRY4=1)
  Clock Path Skew:        0.000ns (DCD - SCD - CPR)
    Destination Clock Delay (DCD):    2.035ns
    Source Clock Delay      (SCD):    1.518ns
    Clock Pessimism Removal (CPR):    0.516ns

    Location             Delay type                Incr(ns)  Path(ns)    Netlist Resource(s)
  -------------------------------------------------------------------    -------------------
                         (clock sys_clk_pin rise edge)
                                                      0.000     0.000 r  
    E3                                                0.000     0.000 r  CLK100MHZ (IN)
                         net (fo=0)                   0.000     0.000    CLK100MHZ
    E3                   IBUF (Prop_ibuf_I_O)         0.250     0.250 r  CLK100MHZ_IBUF_inst/O
                         net (fo=1, routed)           0.644     0.894    CLK100MHZ_IBUF
    BUFGCTRL_X0Y16       BUFG (Prop_bufg_I_O)         0.026     0.920 r  CLK100MHZ_IBUF_BUFG_inst/O
                         net (fo=13, routed)          0.599     1.518    CLK100MHZ_IBUF_BUFG
    SLICE_X3Y83          FDRE                                         r  count_10khz_reg[10]/C
  -------------------------------------------------------------------    -------------------
    SLICE_X3Y83          FDRE (Prop_fdre_C_Q)         0.141     1.659 r  count_10khz_reg[10]/Q
                         net (fo=2, routed)           0.122     1.781    count_10khz_reg[10]
    SLICE_X3Y83          CARRY4 (Prop_carry4_S[2]_O[2])
                                                      0.111     1.892 r  count_10khz_reg[8]_i_1/O[2]
                         net (fo=1, routed)           0.000     1.892    count_10khz_reg[8]_i_1_n_5
    SLICE_X3Y83          FDRE                                         r  count_10khz_reg[10]/D
  -------------------------------------------------------------------    -------------------

                         (clock sys_clk_pin rise edge)
                                                      0.000     0.000 r  
    E3                                                0.000     0.000 r  CLK100MHZ (IN)
                         net (fo=0)                   0.000     0.000    CLK100MHZ
    E3                   IBUF (Prop_ibuf_I_O)         0.438     0.438 r  CLK100MHZ_IBUF_inst/O
                         net (fo=1, routed)           0.699     1.136    CLK100MHZ_IBUF
    BUFGCTRL_X0Y16       BUFG (Prop_bufg_I_O)         0.029     1.165 r  CLK100MHZ_IBUF_BUFG_inst/O
                         net (fo=13, routed)          0.870     2.035    CLK100MHZ_IBUF_BUFG
    SLICE_X3Y83          FDRE                                         r  count_10khz_reg[10]/C
                         clock pessimism             -0.516     1.518    
    SLICE_X3Y83          FDRE (Hold_fdre_C_D)         0.105     1.623    count_10khz_reg[10]
  -------------------------------------------------------------------
                         required time                         -1.623    
                         arrival time                           1.892    
  -------------------------------------------------------------------
                         slack                                  0.269    

Slack (MET) :             0.269ns  (arrival time - required time)
  Source:                 count_10khz_reg[2]/C
                            (rising edge-triggered cell FDRE clocked by sys_clk_pin  {rise@0.000ns fall@5.000ns period=10.000ns})
  Destination:            count_10khz_reg[2]/D
                            (rising edge-triggered cell FDRE clocked by sys_clk_pin  {rise@0.000ns fall@5.000ns period=10.000ns})
  Path Group:             sys_clk_pin
  Path Type:              Hold (Min at Fast Process Corner)
  Requirement:            0.000ns  (sys_clk_pin rise@0.000ns - sys_clk_pin rise@0.000ns)
  Data Path Delay:        0.374ns  (logic 0.252ns (67.456%)  route 0.122ns (32.544%))
  Logic Levels:           1  (CARRY4=1)
  Clock Path Skew:        0.000ns (DCD - SCD - CPR)
    Destination Clock Delay (DCD):    2.033ns
    Source Clock Delay      (SCD):    1.516ns
    Clock Pessimism Removal (CPR):    0.516ns

    Location             Delay type                Incr(ns)  Path(ns)    Netlist Resource(s)
  -------------------------------------------------------------------    -------------------
                         (clock sys_clk_pin rise edge)
                                                      0.000     0.000 r  
    E3                                                0.000     0.000 r  CLK100MHZ (IN)
                         net (fo=0)                   0.000     0.000    CLK100MHZ
    E3                   IBUF (Prop_ibuf_I_O)         0.250     0.250 r  CLK100MHZ_IBUF_inst/O
                         net (fo=1, routed)           0.644     0.894    CLK100MHZ_IBUF
    BUFGCTRL_X0Y16       BUFG (Prop_bufg_I_O)         0.026     0.920 r  CLK100MHZ_IBUF_BUFG_inst/O
                         net (fo=13, routed)          0.597     1.516    CLK100MHZ_IBUF_BUFG
    SLICE_X3Y81          FDRE                                         r  count_10khz_reg[2]/C
  -------------------------------------------------------------------    -------------------
    SLICE_X3Y81          FDRE (Prop_fdre_C_Q)         0.141     1.657 r  count_10khz_reg[2]/Q
                         net (fo=2, routed)           0.122     1.779    count_10khz_reg[2]
    SLICE_X3Y81          CARRY4 (Prop_carry4_S[2]_O[2])
                                                      0.111     1.890 r  count_10khz_reg[0]_i_2/O[2]
                         net (fo=1, routed)           0.000     1.890    count_10khz_reg[0]_i_2_n_5
    SLICE_X3Y81          FDRE                                         r  count_10khz_reg[2]/D
  -------------------------------------------------------------------    -------------------

                         (clock sys_clk_pin rise edge)
                                                      0.000     0.000 r  
    E3                                                0.000     0.000 r  CLK100MHZ (IN)
                         net (fo=0)                   0.000     0.000    CLK100MHZ
    E3                   IBUF (Prop_ibuf_I_O)         0.438     0.438 r  CLK100MHZ_IBUF_inst/O
                         net (fo=1, routed)           0.699     1.136    CLK100MHZ_IBUF
    BUFGCTRL_X0Y16       BUFG (Prop_bufg_I_O)         0.029     1.165 r  CLK100MHZ_IBUF_BUFG_inst/O
                         net (fo=13, routed)          0.868     2.033    CLK100MHZ_IBUF_BUFG
    SLICE_X3Y81          FDRE                                         r  count_10khz_reg[2]/C
                         clock pessimism             -0.516     1.516    
    SLICE_X3Y81          FDRE (Hold_fdre_C_D)         0.105     1.621    count_10khz_reg[2]
  -------------------------------------------------------------------
                         required time                         -1.621    
                         arrival time                           1.890    
  -------------------------------------------------------------------
                         slack                                  0.269    

Slack (MET) :             0.289ns  (arrival time - required time)
  Source:                 CLK10KHZ_reg/C
                            (rising edge-triggered cell FDRE clocked by sys_clk_pin  {rise@0.000ns fall@5.000ns period=10.000ns})
  Destination:            CLK10KHZ_reg/D
                            (rising edge-triggered cell FDRE clocked by sys_clk_pin  {rise@0.000ns fall@5.000ns period=10.000ns})
  Path Group:             sys_clk_pin
  Path Type:              Hold (Min at Fast Process Corner)
  Requirement:            0.000ns  (sys_clk_pin rise@0.000ns - sys_clk_pin rise@0.000ns)
  Data Path Delay:        0.409ns  (logic 0.209ns (51.162%)  route 0.200ns (48.838%))
  Logic Levels:           1  (LUT2=1)
  Clock Path Skew:        0.000ns (DCD - SCD - CPR)
    Destination Clock Delay (DCD):    2.034ns
    Source Clock Delay      (SCD):    1.517ns
    Clock Pessimism Removal (CPR):    0.516ns

    Location             Delay type                Incr(ns)  Path(ns)    Netlist Resource(s)
  -------------------------------------------------------------------    -------------------
                         (clock sys_clk_pin rise edge)
                                                      0.000     0.000 r  
    E3                                                0.000     0.000 r  CLK100MHZ (IN)
                         net (fo=0)                   0.000     0.000    CLK100MHZ
    E3                   IBUF (Prop_ibuf_I_O)         0.250     0.250 r  CLK100MHZ_IBUF_inst/O
                         net (fo=1, routed)           0.644     0.894    CLK100MHZ_IBUF
    BUFGCTRL_X0Y16       BUFG (Prop_bufg_I_O)         0.026     0.920 r  CLK100MHZ_IBUF_BUFG_inst/O
                         net (fo=13, routed)          0.598     1.517    CLK100MHZ_IBUF_BUFG
    SLICE_X2Y82          FDRE                                         r  CLK10KHZ_reg/C
  -------------------------------------------------------------------    -------------------
    SLICE_X2Y82          FDRE (Prop_fdre_C_Q)         0.164     1.681 r  CLK10KHZ_reg/Q
                         net (fo=17, routed)          0.200     1.881    CLK10KHZ
    SLICE_X2Y82          LUT2 (Prop_lut2_I1_O)        0.045     1.926 r  CLK10KHZ_i_1/O
                         net (fo=1, routed)           0.000     1.926    CLK10KHZ_i_1_n_0
    SLICE_X2Y82          FDRE                                         r  CLK10KHZ_reg/D
  -------------------------------------------------------------------    -------------------

                         (clock sys_clk_pin rise edge)
                                                      0.000     0.000 r  
    E3                                                0.000     0.000 r  CLK100MHZ (IN)
                         net (fo=0)                   0.000     0.000    CLK100MHZ
    E3                   IBUF (Prop_ibuf_I_O)         0.438     0.438 r  CLK100MHZ_IBUF_inst/O
                         net (fo=1, routed)           0.699     1.136    CLK100MHZ_IBUF
    BUFGCTRL_X0Y16       BUFG (Prop_bufg_I_O)         0.029     1.165 r  CLK100MHZ_IBUF_BUFG_inst/O
                         net (fo=13, routed)          0.869     2.034    CLK100MHZ_IBUF_BUFG
    SLICE_X2Y82          FDRE                                         r  CLK10KHZ_reg/C
                         clock pessimism             -0.516     1.517    
    SLICE_X2Y82          FDRE (Hold_fdre_C_D)         0.120     1.637    CLK10KHZ_reg
  -------------------------------------------------------------------
                         required time                         -1.637    
                         arrival time                           1.926    
  -------------------------------------------------------------------
                         slack                                  0.289    

Slack (MET) :             0.301ns  (arrival time - required time)
  Source:                 count_10khz_reg[4]/C
                            (rising edge-triggered cell FDRE clocked by sys_clk_pin  {rise@0.000ns fall@5.000ns period=10.000ns})
  Destination:            count_10khz_reg[5]/D
                            (rising edge-triggered cell FDRE clocked by sys_clk_pin  {rise@0.000ns fall@5.000ns period=10.000ns})
  Path Group:             sys_clk_pin
  Path Type:              Hold (Min at Fast Process Corner)
  Requirement:            0.000ns  (sys_clk_pin rise@0.000ns - sys_clk_pin rise@0.000ns)
  Data Path Delay:        0.406ns  (logic 0.292ns (71.914%)  route 0.114ns (28.086%))
  Logic Levels:           1  (CARRY4=1)
  Clock Path Skew:        0.000ns (DCD - SCD - CPR)
    Destination Clock Delay (DCD):    2.034ns
    Source Clock Delay      (SCD):    1.517ns
    Clock Pessimism Removal (CPR):    0.516ns

    Location             Delay type                Incr(ns)  Path(ns)    Netlist Resource(s)
  -------------------------------------------------------------------    -------------------
                         (clock sys_clk_pin rise edge)
                                                      0.000     0.000 r  
    E3                                                0.000     0.000 r  CLK100MHZ (IN)
                         net (fo=0)                   0.000     0.000    CLK100MHZ
    E3                   IBUF (Prop_ibuf_I_O)         0.250     0.250 r  CLK100MHZ_IBUF_inst/O
                         net (fo=1, routed)           0.644     0.894    CLK100MHZ_IBUF
    BUFGCTRL_X0Y16       BUFG (Prop_bufg_I_O)         0.026     0.920 r  CLK100MHZ_IBUF_BUFG_inst/O
                         net (fo=13, routed)          0.598     1.517    CLK100MHZ_IBUF_BUFG
    SLICE_X3Y82          FDRE                                         r  count_10khz_reg[4]/C
  -------------------------------------------------------------------    -------------------
    SLICE_X3Y82          FDRE (Prop_fdre_C_Q)         0.141     1.658 r  count_10khz_reg[4]/Q
                         net (fo=2, routed)           0.114     1.772    count_10khz_reg[4]
    SLICE_X3Y82          CARRY4 (Prop_carry4_S[0]_O[1])
                                                      0.151     1.923 r  count_10khz_reg[4]_i_1/O[1]
                         net (fo=1, routed)           0.000     1.923    count_10khz_reg[4]_i_1_n_6
    SLICE_X3Y82          FDRE                                         r  count_10khz_reg[5]/D
  -------------------------------------------------------------------    -------------------

                         (clock sys_clk_pin rise edge)
                                                      0.000     0.000 r  
    E3                                                0.000     0.000 r  CLK100MHZ (IN)
                         net (fo=0)                   0.000     0.000    CLK100MHZ
    E3                   IBUF (Prop_ibuf_I_O)         0.438     0.438 r  CLK100MHZ_IBUF_inst/O
                         net (fo=1, routed)           0.699     1.136    CLK100MHZ_IBUF
    BUFGCTRL_X0Y16       BUFG (Prop_bufg_I_O)         0.029     1.165 r  CLK100MHZ_IBUF_BUFG_inst/O
                         net (fo=13, routed)          0.869     2.034    CLK100MHZ_IBUF_BUFG
    SLICE_X3Y82          FDRE                                         r  count_10khz_reg[5]/C
                         clock pessimism             -0.516     1.517    
    SLICE_X3Y82          FDRE (Hold_fdre_C_D)         0.105     1.622    count_10khz_reg[5]
  -------------------------------------------------------------------
                         required time                         -1.622    
                         arrival time                           1.923    
  -------------------------------------------------------------------
                         slack                                  0.301    





Pulse Width Checks
--------------------------------------------------------------------------------------
Clock Name:         sys_clk_pin
Waveform(ns):       { 0.000 5.000 }
Period(ns):         10.000
Sources:            { CLK100MHZ }

Check Type        Corner  Lib Pin  Reference Pin  Required(ns)  Actual(ns)  Slack(ns)  Location        Pin
Min Period        n/a     BUFG/I   n/a            2.155         10.000      7.845      BUFGCTRL_X0Y16  CLK100MHZ_IBUF_BUFG_inst/I
Min Period        n/a     FDRE/C   n/a            1.000         10.000      9.000      SLICE_X2Y82     CLK10KHZ_reg/C
Min Period        n/a     FDRE/C   n/a            1.000         10.000      9.000      SLICE_X3Y81     count_10khz_reg[0]/C
Min Period        n/a     FDRE/C   n/a            1.000         10.000      9.000      SLICE_X3Y83     count_10khz_reg[10]/C
Min Period        n/a     FDRE/C   n/a            1.000         10.000      9.000      SLICE_X3Y83     count_10khz_reg[11]/C
Min Period        n/a     FDRE/C   n/a            1.000         10.000      9.000      SLICE_X3Y81     count_10khz_reg[1]/C
Min Period        n/a     FDRE/C   n/a            1.000         10.000      9.000      SLICE_X3Y81     count_10khz_reg[2]/C
Min Period        n/a     FDRE/C   n/a            1.000         10.000      9.000      SLICE_X3Y81     count_10khz_reg[3]/C
Min Period        n/a     FDRE/C   n/a            1.000         10.000      9.000      SLICE_X3Y82     count_10khz_reg[4]/C
Min Period        n/a     FDRE/C   n/a            1.000         10.000      9.000      SLICE_X3Y82     count_10khz_reg[5]/C
Low Pulse Width   Slow    FDRE/C   n/a            0.500         5.000       4.500      SLICE_X2Y82     CLK10KHZ_reg/C
Low Pulse Width   Fast    FDRE/C   n/a            0.500         5.000       4.500      SLICE_X2Y82     CLK10KHZ_reg/C
Low Pulse Width   Fast    FDRE/C   n/a            0.500         5.000       4.500      SLICE_X3Y81     count_10khz_reg[0]/C
Low Pulse Width   Fast    FDRE/C   n/a            0.500         5.000       4.500      SLICE_X3Y81     count_10khz_reg[1]/C
Low Pulse Width   Fast    FDRE/C   n/a            0.500         5.000       4.500      SLICE_X3Y81     count_10khz_reg[2]/C
Low Pulse Width   Fast    FDRE/C   n/a            0.500         5.000       4.500      SLICE_X3Y81     count_10khz_reg[3]/C
Low Pulse Width   Slow    FDRE/C   n/a            0.500         5.000       4.500      SLICE_X3Y82     count_10khz_reg[4]/C
Low Pulse Width   Fast    FDRE/C   n/a            0.500         5.000       4.500      SLICE_X3Y82     count_10khz_reg[4]/C
Low Pulse Width   Slow    FDRE/C   n/a            0.500         5.000       4.500      SLICE_X3Y82     count_10khz_reg[5]/C
Low Pulse Width   Fast    FDRE/C   n/a            0.500         5.000       4.500      SLICE_X3Y82     count_10khz_reg[5]/C
High Pulse Width  Slow    FDRE/C   n/a            0.500         5.000       4.500      SLICE_X3Y83     count_10khz_reg[10]/C
High Pulse Width  Slow    FDRE/C   n/a            0.500         5.000       4.500      SLICE_X3Y83     count_10khz_reg[11]/C
High Pulse Width  Slow    FDRE/C   n/a            0.500         5.000       4.500      SLICE_X3Y83     count_10khz_reg[8]/C
High Pulse Width  Slow    FDRE/C   n/a            0.500         5.000       4.500      SLICE_X3Y83     count_10khz_reg[9]/C
High Pulse Width  Fast    FDRE/C   n/a            0.500         5.000       4.500      SLICE_X2Y82     CLK10KHZ_reg/C
High Pulse Width  Slow    FDRE/C   n/a            0.500         5.000       4.500      SLICE_X3Y81     count_10khz_reg[0]/C
High Pulse Width  Fast    FDRE/C   n/a            0.500         5.000       4.500      SLICE_X3Y81     count_10khz_reg[0]/C
High Pulse Width  Fast    FDRE/C   n/a            0.500         5.000       4.500      SLICE_X3Y83     count_10khz_reg[10]/C
High Pulse Width  Fast    FDRE/C   n/a            0.500         5.000       4.500      SLICE_X3Y83     count_10khz_reg[11]/C
High Pulse Width  Slow    FDRE/C   n/a            0.500         5.000       4.500      SLICE_X3Y81     count_10khz_reg[1]/C



